<?xml version="1.0" encoding="UTF-8"?>
<!-- Generated by org.testng.reporters.JUnitReportReporter -->
<testsuite hostname="DESKTOP-07L7SGU" failures="0" tests="1" name="FunctionalTesting.OrganizationData" time="48.614" errors="0" timestamp="2024-12-03T18:34:34 IST" skipped="0">
  <testcase classname="FunctionalTesting.OrganizationData" name="org" time="48.614"/>
</testsuite> <!-- FunctionalTesting.OrganizationData -->
