<?xml version="1.0" encoding="UTF-8"?>
<!-- Generated by org.testng.reporters.JUnitReportReporter -->
<testsuite hostname="DESKTOP-07L7SGU" failures="0" tests="1" name="FunctionalTesting.LeadData" time="22.662" errors="0" timestamp="2024-12-03T19:16:36 IST" skipped="0">
  <testcase classname="FunctionalTesting.LeadData" name="leadDatas" time="22.662"/>
</testsuite> <!-- FunctionalTesting.LeadData -->
