<?xml version="1.0" encoding="UTF-8"?>
<!-- Generated by org.testng.reporters.JUnitReportReporter -->
<testsuite hostname="DESKTOP-07L7SGU" failures="0" tests="1" name="FunctionalTesting.OpportunitiesDetails" time="15.479" errors="0" timestamp="2024-12-03T22:32:12 IST" skipped="0">
  <testcase classname="FunctionalTesting.OpportunitiesDetails" name="org" time="15.479"/>
</testsuite> <!-- FunctionalTesting.OpportunitiesDetails -->
