<?xml version="1.0" encoding="UTF-8"?>
<!-- Generated by org.testng.reporters.JUnitReportReporter -->
<testsuite hostname="DESKTOP-07L7SGU" failures="0" tests="1" name="FunctionalTesting.Login" time="5.726" errors="0" timestamp="2024-11-29T11:57:54 IST" skipped="0">
  <testcase classname="FunctionalTesting.Login" name="login" time="5.726"/>
</testsuite> <!-- FunctionalTesting.Login -->
