<?xml version="1.0" encoding="UTF-8"?>
<!-- Generated by org.testng.reporters.JUnitReportReporter -->
<testsuite hostname="DESKTOP-07L7SGU" failures="0" tests="1" name="FunctionalTesting.Calender" time="2.474" errors="0" timestamp="2024-12-02T11:27:31 IST" skipped="0">
  <testcase classname="FunctionalTesting.Calender" name="calender" time="2.474"/>
</testsuite> <!-- FunctionalTesting.Calender -->
